<?xml version="1.0" encoding="UTF-8"?>
<testsuite xmlns:xsi="http://www.w3.org/2001/XMLSchema-instance" xsi:noNamespaceSchemaLocation="https://maven.apache.org/surefire/maven-surefire-plugin/xsd/surefire-test-report.xsd" name="ru.sbt.mipt.oop.event.processors.HallDoorEventProcessorTest" time="0" tests="2" errors="0" skipped="0" failures="0">
  <properties>
    <property name="sun.desktop" value="windows"/>
    <property name="awt.toolkit" value="sun.awt.windows.WToolkit"/>
    <property name="java.specification.version" value="10"/>
    <property name="file.encoding.pkg" value="sun.io"/>
    <property name="sun.cpu.isalist" value="amd64"/>
    <property name="sun.jnu.encoding" value="Cp1251"/>
    <property name="java.class.path" value="C:\Users\Naumov\Documents\GitHub\Principles_Of_Software_Design\Smart_Home_2018\target\test-classes;C:\Users\Naumov\Documents\GitHub\Principles_Of_Software_Design\Smart_Home_2018\target\classes;C:\Users\Naumov\.m2\repository\junit\junit\4.8.2\junit-4.8.2.jar;C:\Users\Naumov\.m2\repository\com\google\code\gson\gson\2.6.2\gson-2.6.2.jar;C:\Users\Naumov\.m2\repository\org\springframework\spring-context\4.1.5.RELEASE\spring-context-4.1.5.RELEASE.jar;C:\Users\Naumov\.m2\repository\org\springframework\spring-aop\4.1.5.RELEASE\spring-aop-4.1.5.RELEASE.jar;C:\Users\Naumov\.m2\repository\aopalliance\aopalliance\1.0\aopalliance-1.0.jar;C:\Users\Naumov\.m2\repository\org\springframework\spring-beans\4.1.5.RELEASE\spring-beans-4.1.5.RELEASE.jar;C:\Users\Naumov\.m2\repository\org\springframework\spring-core\4.1.5.RELEASE\spring-core-4.1.5.RELEASE.jar;C:\Users\Naumov\.m2\repository\commons-logging\commons-logging\1.2\commons-logging-1.2.jar;C:\Users\Naumov\.m2\repository\org\springframework\spring-expression\4.1.5.RELEASE\spring-expression-4.1.5.RELEASE.jar;C:\Users\Naumov\.m2\repository\org\springframework\spring-context-support\4.1.5.RELEASE\spring-context-support-4.1.5.RELEASE.jar;C:\Users\Naumov\.m2\repository\org\springframework\spring-tx\4.1.5.RELEASE\spring-tx-4.1.5.RELEASE.jar;C:\Users\Naumov\.m2\repository\org\slf4j\jcl-over-slf4j\1.5.8\jcl-over-slf4j-1.5.8.jar;C:\Users\Naumov\.m2\repository\org\slf4j\slf4j-api\1.5.8\slf4j-api-1.5.8.jar;C:\Users\Naumov\.m2\repository\org\slf4j\slf4j-log4j12\1.5.8\slf4j-log4j12-1.5.8.jar;C:\Users\Naumov\.m2\repository\log4j\log4j\1.2.14\log4j-1.2.14.jar;"/>
    <property name="java.vm.vendor" value="&quot;Oracle Corporation&quot;"/>
    <property name="sun.arch.data.model" value="64"/>
    <property name="user.variant" value=""/>
    <property name="java.vendor.url" value="http://java.oracle.com/"/>
    <property name="user.timezone" value="Europe/Moscow"/>
    <property name="java.vm.specification.version" value="10"/>
    <property name="os.name" value="Windows 7"/>
    <property name="sun.java.launcher" value="SUN_STANDARD"/>
    <property name="user.country" value="RU"/>
    <property name="sun.boot.library.path" value="C:\Program Files\Java\jdk-10.0.2\bin"/>
    <property name="sun.java.command" value="C:\Users\Naumov\AppData\Local\Temp\surefire17022574199953121843\surefirebooter12582103420331119905.jar C:\Users\Naumov\AppData\Local\Temp\surefire17022574199953121843 2018-12-09T14-29-53_775-jvmRun1 surefire9066505888101658119tmp surefire_09783936346479614942tmp"/>
    <property name="jdk.debug" value="release"/>
    <property name="surefire.test.class.path" value="C:\Users\Naumov\Documents\GitHub\Principles_Of_Software_Design\Smart_Home_2018\target\test-classes;C:\Users\Naumov\Documents\GitHub\Principles_Of_Software_Design\Smart_Home_2018\target\classes;C:\Users\Naumov\.m2\repository\junit\junit\4.8.2\junit-4.8.2.jar;C:\Users\Naumov\.m2\repository\com\google\code\gson\gson\2.6.2\gson-2.6.2.jar;C:\Users\Naumov\.m2\repository\org\springframework\spring-context\4.1.5.RELEASE\spring-context-4.1.5.RELEASE.jar;C:\Users\Naumov\.m2\repository\org\springframework\spring-aop\4.1.5.RELEASE\spring-aop-4.1.5.RELEASE.jar;C:\Users\Naumov\.m2\repository\aopalliance\aopalliance\1.0\aopalliance-1.0.jar;C:\Users\Naumov\.m2\repository\org\springframework\spring-beans\4.1.5.RELEASE\spring-beans-4.1.5.RELEASE.jar;C:\Users\Naumov\.m2\repository\org\springframework\spring-core\4.1.5.RELEASE\spring-core-4.1.5.RELEASE.jar;C:\Users\Naumov\.m2\repository\commons-logging\commons-logging\1.2\commons-logging-1.2.jar;C:\Users\Naumov\.m2\repository\org\springframework\spring-expression\4.1.5.RELEASE\spring-expression-4.1.5.RELEASE.jar;C:\Users\Naumov\.m2\repository\org\springframework\spring-context-support\4.1.5.RELEASE\spring-context-support-4.1.5.RELEASE.jar;C:\Users\Naumov\.m2\repository\org\springframework\spring-tx\4.1.5.RELEASE\spring-tx-4.1.5.RELEASE.jar;C:\Users\Naumov\.m2\repository\org\slf4j\jcl-over-slf4j\1.5.8\jcl-over-slf4j-1.5.8.jar;C:\Users\Naumov\.m2\repository\org\slf4j\slf4j-api\1.5.8\slf4j-api-1.5.8.jar;C:\Users\Naumov\.m2\repository\org\slf4j\slf4j-log4j12\1.5.8\slf4j-log4j12-1.5.8.jar;C:\Users\Naumov\.m2\repository\log4j\log4j\1.2.14\log4j-1.2.14.jar;"/>
    <property name="sun.cpu.endian" value="little"/>
    <property name="user.home" value="C:\Users\Naumov"/>
    <property name="user.language" value="ru"/>
    <property name="java.specification.vendor" value="Oracle Corporation"/>
    <property name="java.version.date" value="2018-07-17"/>
    <property name="java.home" value="C:\Program Files\Java\jdk-10.0.2"/>
    <property name="file.separator" value="\"/>
    <property name="basedir" value="C:\Users\Naumov\Documents\GitHub\Principles_Of_Software_Design\Smart_Home_2018"/>
    <property name="java.vm.compressedOopsMode" value="32-bit"/>
    <property name="line.separator" value="&#10;"/>
    <property name="java.specification.name" value="Java Platform API Specification"/>
    <property name="java.vm.specification.vendor" value="Oracle Corporation"/>
    <property name="java.awt.graphicsenv" value="sun.awt.Win32GraphicsEnvironment"/>
    <property name="surefire.real.class.path" value="C:\Users\Naumov\AppData\Local\Temp\surefire17022574199953121843\surefirebooter12582103420331119905.jar"/>
    <property name="user.script" value=""/>
    <property name="sun.management.compiler" value="HotSpot 64-Bit Tiered Compilers"/>
    <property name="java.runtime.version" value="10.0.2+13"/>
    <property name="user.name" value="Naumov"/>
    <property name="path.separator" value=";"/>
    <property name="os.version" value="6.1"/>
    <property name="java.runtime.name" value="Java(TM) SE Runtime Environment"/>
    <property name="file.encoding" value="Cp1251"/>
    <property name="java.vm.name" value="Java HotSpot(TM) 64-Bit Server VM"/>
    <property name="java.vendor.version" value="18.3"/>
    <property name="localRepository" value="C:\Users\Naumov\.m2\repository"/>
    <property name="java.vendor.url.bug" value="http://bugreport.java.com/bugreport/"/>
    <property name="java.io.tmpdir" value="C:\Users\Naumov\AppData\Local\Temp\"/>
    <property name="java.version" value="10.0.2"/>
    <property name="user.dir" value="C:\Users\Naumov\Documents\GitHub\Principles_Of_Software_Design\Smart_Home_2018"/>
    <property name="os.arch" value="amd64"/>
    <property name="java.vm.specification.name" value="Java Virtual Machine Specification"/>
    <property name="java.awt.printerjob" value="sun.awt.windows.WPrinterJob"/>
    <property name="sun.os.patch.level" value="Service Pack 1"/>
    <property name="java.library.path" value="C:\Program Files\Java\jdk-10.0.2\bin;C:\Windows\Sun\Java\bin;C:\Windows\system32;C:\Windows;C:\Program Files (x86)\Common Files\Oracle\Java\javapath;C:\Program Files (x86)\NVIDIA Corporation\PhysX\Common;C:\Program Files (x86)\Intel\iCLS Client\;C:\Program Files\Intel\iCLS Client\;C:\Windows\system32;C:\Windows;C:\Windows\System32\Wbem;C:\Windows\System32\WindowsPowerShell\v1.0\;C:\Program Files\Intel\Intel(R) Management Engine Components\DAL;C:\Program Files\Intel\Intel(R) Management Engine Components\IPT;C:\Program Files (x86)\Intel\Intel(R) Management Engine Components\DAL;C:\Program Files (x86)\Intel\Intel(R) Management Engine Components\IPT;C:\Program Files (x86)\Intel\OpenCL SDK\2.0\bin\x86;C:\Program Files (x86)\Intel\OpenCL SDK\2.0\bin\x64;C:\Program Files\Intel\WiFi\bin\;C:\Program Files\Common Files\Intel\WirelessCommon\;C:\Program Files\Git\cmd;C:\Users\Naumov\Anaconda3;C:\Users\Naumov\Anaconda3\Scripts;C:\Program Files\nodejs\;C:\Program Files\JetBrains\IntelliJ IDEA 2018.2.6\plugins\maven\lib\maven3\bin;C:\Program Files\Intel\WiFi\bin\;C:\Program Files\Common Files\Intel\WirelessCommon\;C:\Users\Naumov\AppData\Local\GitHubDesktop\bin;C:\Users\Naumov\AppData\Roaming\npm;C:\Users\Naumov\AppData\Local\Programs\Microsoft VS Code\bin;."/>
    <property name="java.vendor" value="Oracle Corporation"/>
    <property name="java.vm.info" value="mixed mode"/>
    <property name="java.vm.version" value="10.0.2+13"/>
    <property name="sun.io.unicode.encoding" value="UnicodeLittle"/>
    <property name="java.class.version" value="54.0"/>
  </properties>
  <testcase name="shuttingAllLights" classname="ru.sbt.mipt.oop.event.processors.HallDoorEventProcessorTest" time="0"/>
  <testcase name="processPassiveEvents" classname="ru.sbt.mipt.oop.event.processors.HallDoorEventProcessorTest" time="0"/>
</testsuite>